<?xml version="1.0" encoding="UTF-8"?>
<!-- Generated by org.testng.reporters.JUnitReportReporter -->
<testsuite skipped="0" hostname="EEOC-2TK736005M" name="fedsep.Login" tests="1" failures="0" timestamp="03 Apr 2019 14:24:38 GMT" time="0.944" errors="0">
  <testcase name="loginPages" time="0.944" classname="fedsep.Login"/>
</testsuite> <!-- fedsep.Login -->
